<?xml version="1.0" encoding="UTF-8"?>
<testsuite xmlns:xsi="http://www.w3.org/2001/XMLSchema-instance" xsi:noNamespaceSchemaLocation="https://maven.apache.org/surefire/maven-surefire-plugin/xsd/surefire-test-report.xsd" name="src.AppTest" time="0.417" tests="28" errors="0" skipped="0" failures="0">
  <properties>
    <property name="awt.toolkit" value="sun.awt.X11.XToolkit"/>
    <property name="java.specification.version" value="11"/>
    <property name="sun.cpu.isalist" value=""/>
    <property name="sun.jnu.encoding" value="UTF-8"/>
    <property name="java.class.path" value="/mnt/e/Codes/stmini/Mutation-Testing-ST-Project-/target/test-classes:/mnt/e/Codes/stmini/Mutation-Testing-ST-Project-/target/classes:/home/arin/.m2/repository/junit/junit/4.11/junit-4.11.jar:/home/arin/.m2/repository/org/hamcrest/hamcrest-core/1.3/hamcrest-core-1.3.jar:"/>
    <property name="java.vm.vendor" value="Ubuntu"/>
    <property name="sun.arch.data.model" value="64"/>
    <property name="java.vendor.url" value="https://ubuntu.com/"/>
    <property name="user.timezone" value=""/>
    <property name="java.vm.specification.version" value="11"/>
    <property name="os.name" value="Linux"/>
    <property name="sun.java.launcher" value="SUN_STANDARD"/>
    <property name="sun.boot.library.path" value="/usr/lib/jvm/java-11-openjdk-amd64/lib"/>
    <property name="sun.java.command" value="/mnt/e/Codes/stmini/Mutation-Testing-ST-Project-/target/surefire/surefirebooter10154680724107994781.jar /mnt/e/Codes/stmini/Mutation-Testing-ST-Project-/target/surefire 2023-11-27T21-01-01_645-jvmRun1 surefire7018583743351321159tmp surefire_0541062096696714307tmp"/>
    <property name="jdk.debug" value="release"/>
    <property name="surefire.test.class.path" value="/mnt/e/Codes/stmini/Mutation-Testing-ST-Project-/target/test-classes:/mnt/e/Codes/stmini/Mutation-Testing-ST-Project-/target/classes:/home/arin/.m2/repository/junit/junit/4.11/junit-4.11.jar:/home/arin/.m2/repository/org/hamcrest/hamcrest-core/1.3/hamcrest-core-1.3.jar:"/>
    <property name="sun.cpu.endian" value="little"/>
    <property name="user.home" value="/home/arin"/>
    <property name="user.language" value="en"/>
    <property name="java.specification.vendor" value="Oracle Corporation"/>
    <property name="java.version.date" value="2022-10-18"/>
    <property name="java.home" value="/usr/lib/jvm/java-11-openjdk-amd64"/>
    <property name="file.separator" value="/"/>
    <property name="basedir" value="/mnt/e/Codes/stmini/Mutation-Testing-ST-Project-"/>
    <property name="java.vm.compressedOopsMode" value="32-bit"/>
    <property name="line.separator" value="&#10;"/>
    <property name="java.specification.name" value="Java Platform API Specification"/>
    <property name="java.vm.specification.vendor" value="Oracle Corporation"/>
    <property name="java.awt.graphicsenv" value="sun.awt.X11GraphicsEnvironment"/>
    <property name="surefire.real.class.path" value="/mnt/e/Codes/stmini/Mutation-Testing-ST-Project-/target/surefire/surefirebooter10154680724107994781.jar"/>
    <property name="sun.management.compiler" value="HotSpot 64-Bit Tiered Compilers"/>
    <property name="java.runtime.version" value="11.0.17+8-post-Ubuntu-1ubuntu220.04"/>
    <property name="user.name" value="arin"/>
    <property name="path.separator" value=":"/>
    <property name="os.version" value="5.10.60.1-microsoft-standard-WSL2"/>
    <property name="java.runtime.name" value="OpenJDK Runtime Environment"/>
    <property name="file.encoding" value="UTF-8"/>
    <property name="java.vm.name" value="OpenJDK 64-Bit Server VM"/>
    <property name="localRepository" value="/home/arin/.m2/repository"/>
    <property name="java.vendor.url.bug" value="https://bugs.launchpad.net/ubuntu/+source/openjdk-lts"/>
    <property name="java.io.tmpdir" value="/tmp"/>
    <property name="java.version" value="11.0.17"/>
    <property name="user.dir" value="/mnt/e/Codes/stmini/Mutation-Testing-ST-Project-"/>
    <property name="os.arch" value="amd64"/>
    <property name="java.vm.specification.name" value="Java Virtual Machine Specification"/>
    <property name="java.awt.printerjob" value="sun.print.PSPrinterJob"/>
    <property name="sun.os.patch.level" value="unknown"/>
    <property name="java.library.path" value="/usr/java/packages/lib:/usr/lib/x86_64-linux-gnu/jni:/lib/x86_64-linux-gnu:/usr/lib/x86_64-linux-gnu:/usr/lib/jni:/lib:/usr/lib"/>
    <property name="java.vm.info" value="mixed mode, sharing"/>
    <property name="java.vendor" value="Ubuntu"/>
    <property name="java.vm.version" value="11.0.17+8-post-Ubuntu-1ubuntu220.04"/>
    <property name="sun.io.unicode.encoding" value="UnicodeLittle"/>
    <property name="java.class.version" value="55.0"/>
  </properties>
  <testcase name="TestZAlgorithm" classname="src.AppTest" time="0.004"/>
  <testcase name="testAtMostNGivenDigitSet" classname="src.AppTest" time="0"/>
  <testcase name="testFindAllConcatenatedWordsInADict" classname="src.AppTest" time="0"/>
  <testcase name="TestEditDistance" classname="src.AppTest" time="0"/>
  <testcase name="TestRabinKarp" classname="src.AppTest" time="0.001"/>
  <testcase name="TestLSFP" classname="src.AppTest" time="0.002"/>
  <testcase name="TestLongestCommonPrefix" classname="src.AppTest" time="0"/>
  <testcase name="TestminPalPartition" classname="src.AppTest" time="0"/>
  <testcase name="TestpalindromePairs" classname="src.AppTest" time="0.001"/>
  <testcase name="TestManachersAlgorithm" classname="src.AppTest" time="0"/>
  <testcase name="TestLongestPrefixSuffix" classname="src.AppTest" time="0"/>
  <testcase name="TestminStickers" classname="src.AppTest" time="0"/>
  <testcase name="TestKMPAlgorithm" classname="src.AppTest" time="0.001"/>
  <testcase name="TestLongestRepeatingSubSeq" classname="src.AppTest" time="0"/>
  <testcase name="TestLongestPalindromicSubsequence" classname="src.AppTest" time="0.244"/>
  <testcase name="TestReverseVowel" classname="src.AppTest" time="0"/>
  <testcase name="TestLCS" classname="src.AppTest" time="0"/>
  <testcase name="TestLRR" classname="src.AppTest" time="0"/>
  <testcase name="TestLVP" classname="src.AppTest" time="0.001"/>
  <testcase name="testWordBreak1" classname="src.AppTest" time="0"/>
  <testcase name="testWordBreak2" classname="src.AppTest" time="0.001"/>
  <testcase name="TestKVowelWords" classname="src.AppTest" time="0"/>
  <testcase name="TestkSimilarity" classname="src.AppTest" time="0"/>
  <testcase name="TestBoyerMoore" classname="src.AppTest" time="0"/>
  <testcase name="TestWildcardPattern" classname="src.AppTest" time="0"/>
  <testcase name="TestSequenceAlignment" classname="src.AppTest" time="0"/>
  <testcase name="TestRepeatedStringMatch" classname="src.AppTest" time="0"/>
  <testcase name="TestShortestCommonSequence" classname="src.AppTest" time="0.001"/>
</testsuite>